03:56:30 INFO  : Registering command handlers for SDK TCF services
03:56:32 INFO  : Launching XSCT server: xsct -n -interactive /mnt/18C846EDC846C928/UARTVGASystem/VivadoProjects/UARTBramSystem/UARTBramSystem.sdk/temp_xsdb_launch_script.tcl
03:56:38 INFO  : XSCT server has started successfully.
03:56:38 INFO  : Successfully done setting XSCT server connection channel  
03:56:59 INFO  : Successfully done setting SDK workspace  
03:56:59 INFO  : Processing command line option -hwspec /mnt/18C846EDC846C928/UARTVGASystem/VivadoProjects/UARTBramSystem/UARTBramSystem.sdk/Blk1_wrapper.hdf.
03:59:20 INFO  : Connected to target on host '127.0.0.1' and port '3121'.
03:59:21 INFO  : 'targets -set -filter {jtag_cable_name =~ "Digilent Zybo 210279778639A" && level==0} -index 1' command is executed.
03:59:22 INFO  : FPGA configured successfully with bitstream "/mnt/18C846EDC846C928/UARTVGASystem/VivadoProjects/UARTBramSystem/UARTBramSystem.sdk/Blk1_wrapper_hw_platform_0/Blk1_wrapper.bit"
04:00:11 INFO  : 'targets -set -filter {jtag_cable_name =~ "Digilent Zybo 210279778639A" && level==0} -index 1' command is executed.
04:00:11 INFO  : 'fpga -state' command is executed.
04:00:11 INFO  : Connected to target on host '127.0.0.1' and port '3121'.
04:00:11 INFO  : Jtag cable 'Digilent Zybo 210279778639A' is selected.
04:00:11 INFO  : 'jtag frequency' command is executed.
04:00:11 INFO  : Sourcing of '/mnt/18C846EDC846C928/UARTVGASystem/VivadoProjects/UARTBramSystem/UARTBramSystem.sdk/Blk1_wrapper_hw_platform_0/ps7_init.tcl' is done.
04:00:11 INFO  : Context for 'APU' is selected.
04:00:11 INFO  : Hardware design information is loaded from '/mnt/18C846EDC846C928/UARTVGASystem/VivadoProjects/UARTBramSystem/UARTBramSystem.sdk/Blk1_wrapper_hw_platform_0/system.hdf'.
04:00:11 INFO  : 'configparams force-mem-access 1' command is executed.
04:00:11 INFO  : Context for 'APU' is selected.
04:00:11 INFO  : 'stop' command is executed.
04:00:12 INFO  : 'ps7_init' command is executed.
04:00:12 INFO  : 'ps7_post_config' command is executed.
04:00:12 INFO  : Context for processor 'ps7_cortexa9_0' is selected.
04:00:12 INFO  : Processor reset is completed for 'ps7_cortexa9_0'.
04:00:12 INFO  : Context for processor 'ps7_cortexa9_0' is selected.
04:00:12 INFO  : The application '/mnt/18C846EDC846C928/UARTVGASystem/VivadoProjects/UARTBramSystem/UARTBramSystem.sdk/test/Debug/test.elf' is downloaded to processor 'ps7_cortexa9_0'.
04:00:12 INFO  : 'configparams force-mem-access 0' command is executed.
04:00:12 INFO  : ----------------XSDB Script----------------
connect -url tcp:127.0.0.1:3121
source /mnt/18C846EDC846C928/UARTVGASystem/VivadoProjects/UARTBramSystem/UARTBramSystem.sdk/Blk1_wrapper_hw_platform_0/ps7_init.tcl
targets -set -nocase -filter {name =~"APU*" && jtag_cable_name =~ "Digilent Zybo 210279778639A"} -index 0
loadhw -hw /mnt/18C846EDC846C928/UARTVGASystem/VivadoProjects/UARTBramSystem/UARTBramSystem.sdk/Blk1_wrapper_hw_platform_0/system.hdf -mem-ranges [list {0x40000000 0xbfffffff}]
configparams force-mem-access 1
targets -set -nocase -filter {name =~"APU*" && jtag_cable_name =~ "Digilent Zybo 210279778639A"} -index 0
stop
ps7_init
ps7_post_config
targets -set -nocase -filter {name =~ "ARM*#0" && jtag_cable_name =~ "Digilent Zybo 210279778639A"} -index 0
rst -processor
targets -set -nocase -filter {name =~ "ARM*#0" && jtag_cable_name =~ "Digilent Zybo 210279778639A"} -index 0
dow /mnt/18C846EDC846C928/UARTVGASystem/VivadoProjects/UARTBramSystem/UARTBramSystem.sdk/test/Debug/test.elf
configparams force-mem-access 0
----------------End of Script----------------

04:00:12 INFO  : Memory regions updated for context APU
04:00:12 INFO  : Context for processor 'ps7_cortexa9_0' is selected.
04:00:12 INFO  : 'con' command is executed.
04:00:12 INFO  : ----------------XSDB Script (After Launch)----------------
targets -set -nocase -filter {name =~ "ARM*#0" && jtag_cable_name =~ "Digilent Zybo 210279778639A"} -index 0
con
----------------End of Script----------------

04:00:12 INFO  : Launch script is exported to file '/mnt/18C846EDC846C928/UARTVGASystem/VivadoProjects/UARTBramSystem/UARTBramSystem.sdk/.sdk/launch_scripts/xilinx_c-c++_application_(system_debugger)/system_debugger_using_debug_test.elf_on_local.tcl'
04:14:28 INFO  : SDK has detected change in the last modified timestamps for source hardware specification file Source:1627253032000,  Project:1627251931000
04:14:28 INFO  : Project Blk1_wrapper_hw_platform_0's source hardware specification located at /mnt/18C846EDC846C928/UARTVGASystem/VivadoProjects/UARTBramSystem/UARTBramSystem.sdk/Blk1_wrapper.hdf is now different from the local copy.
		 The local copy will be replaced with the source specification and your workspace will be updated.
04:14:30 INFO  : Copied contents of /mnt/18C846EDC846C928/UARTVGASystem/VivadoProjects/UARTBramSystem/UARTBramSystem.sdk/Blk1_wrapper.hdf into /Blk1_wrapper_hw_platform_0/system.hdf.
04:14:34 INFO  : Synchronizing projects in the workspace with the hardware platform specification changes.
04:14:36 INFO  : 
04:14:36 INFO  : Updating hardware inferred compiler options for test.
04:14:36 INFO  : Clearing existing target manager status.
04:14:36 INFO  : Closing and re-opening the MSS file of ther project test_bsp
04:14:37 INFO  : Workspace synchronized with the new hardware specification file. Cleaning dependent projects...
04:14:39 WARN  : Linker script will not be updated automatically. Users need to update it manually.
04:15:13 INFO  : Connected to target on host '127.0.0.1' and port '3121'.
04:15:13 INFO  : 'targets -set -filter {jtag_cable_name =~ "Digilent Zybo 210279778639A" && level==0} -index 1' command is executed.
04:15:14 INFO  : FPGA configured successfully with bitstream "/mnt/18C846EDC846C928/UARTVGASystem/VivadoProjects/UARTBramSystem/UARTBramSystem.sdk/Blk1_wrapper_hw_platform_0/Blk1_wrapper.bit"
04:15:26 INFO  : Disconnected from the channel tcfchan#1.
04:15:27 INFO  : 'targets -set -filter {jtag_cable_name =~ "Digilent Zybo 210279778639A" && level==0} -index 1' command is executed.
04:15:27 INFO  : 'fpga -state' command is executed.
04:15:27 INFO  : Connected to target on host '127.0.0.1' and port '3121'.
04:15:28 INFO  : Jtag cable 'Digilent Zybo 210279778639A' is selected.
04:15:28 INFO  : 'jtag frequency' command is executed.
04:15:28 INFO  : Sourcing of '/mnt/18C846EDC846C928/UARTVGASystem/VivadoProjects/UARTBramSystem/UARTBramSystem.sdk/Blk1_wrapper_hw_platform_0/ps7_init.tcl' is done.
04:15:28 INFO  : Context for 'APU' is selected.
04:15:28 INFO  : Hardware design information is loaded from '/mnt/18C846EDC846C928/UARTVGASystem/VivadoProjects/UARTBramSystem/UARTBramSystem.sdk/Blk1_wrapper_hw_platform_0/system.hdf'.
04:15:28 INFO  : 'configparams force-mem-access 1' command is executed.
04:15:28 INFO  : Context for 'APU' is selected.
04:15:28 INFO  : 'stop' command is executed.
04:15:28 INFO  : 'ps7_init' command is executed.
04:15:28 INFO  : 'ps7_post_config' command is executed.
04:15:28 INFO  : Context for processor 'ps7_cortexa9_0' is selected.
04:15:28 INFO  : Processor reset is completed for 'ps7_cortexa9_0'.
04:15:28 INFO  : Context for processor 'ps7_cortexa9_0' is selected.
04:15:28 INFO  : The application '/mnt/18C846EDC846C928/UARTVGASystem/VivadoProjects/UARTBramSystem/UARTBramSystem.sdk/test/Debug/test.elf' is downloaded to processor 'ps7_cortexa9_0'.
04:15:28 INFO  : 'configparams force-mem-access 0' command is executed.
04:15:28 INFO  : ----------------XSDB Script----------------
connect -url tcp:127.0.0.1:3121
source /mnt/18C846EDC846C928/UARTVGASystem/VivadoProjects/UARTBramSystem/UARTBramSystem.sdk/Blk1_wrapper_hw_platform_0/ps7_init.tcl
targets -set -nocase -filter {name =~"APU*" && jtag_cable_name =~ "Digilent Zybo 210279778639A"} -index 0
loadhw -hw /mnt/18C846EDC846C928/UARTVGASystem/VivadoProjects/UARTBramSystem/UARTBramSystem.sdk/Blk1_wrapper_hw_platform_0/system.hdf -mem-ranges [list {0x40000000 0xbfffffff}]
configparams force-mem-access 1
targets -set -nocase -filter {name =~"APU*" && jtag_cable_name =~ "Digilent Zybo 210279778639A"} -index 0
stop
ps7_init
ps7_post_config
targets -set -nocase -filter {name =~ "ARM*#0" && jtag_cable_name =~ "Digilent Zybo 210279778639A"} -index 0
rst -processor
targets -set -nocase -filter {name =~ "ARM*#0" && jtag_cable_name =~ "Digilent Zybo 210279778639A"} -index 0
dow /mnt/18C846EDC846C928/UARTVGASystem/VivadoProjects/UARTBramSystem/UARTBramSystem.sdk/test/Debug/test.elf
configparams force-mem-access 0
----------------End of Script----------------

04:15:28 INFO  : Memory regions updated for context APU
04:15:28 INFO  : Context for processor 'ps7_cortexa9_0' is selected.
04:15:28 INFO  : 'con' command is executed.
04:15:28 INFO  : ----------------XSDB Script (After Launch)----------------
targets -set -nocase -filter {name =~ "ARM*#0" && jtag_cable_name =~ "Digilent Zybo 210279778639A"} -index 0
con
----------------End of Script----------------

04:15:28 INFO  : Launch script is exported to file '/mnt/18C846EDC846C928/UARTVGASystem/VivadoProjects/UARTBramSystem/UARTBramSystem.sdk/.sdk/launch_scripts/xilinx_c-c++_application_(system_debugger)/system_debugger_using_debug_test.elf_on_local.tcl'
04:18:12 INFO  : Disconnected from the channel tcfchan#2.
04:18:13 INFO  : 'targets -set -filter {jtag_cable_name =~ "Digilent Zybo 210279778639A" && level==0} -index 1' command is executed.
04:18:13 INFO  : 'fpga -state' command is executed.
04:18:13 INFO  : Connected to target on host '127.0.0.1' and port '3121'.
04:18:14 INFO  : Jtag cable 'Digilent Zybo 210279778639A' is selected.
04:18:14 INFO  : 'jtag frequency' command is executed.
04:18:14 INFO  : Sourcing of '/mnt/18C846EDC846C928/UARTVGASystem/VivadoProjects/UARTBramSystem/UARTBramSystem.sdk/Blk1_wrapper_hw_platform_0/ps7_init.tcl' is done.
04:18:14 INFO  : Context for 'APU' is selected.
04:18:14 INFO  : Hardware design information is loaded from '/mnt/18C846EDC846C928/UARTVGASystem/VivadoProjects/UARTBramSystem/UARTBramSystem.sdk/Blk1_wrapper_hw_platform_0/system.hdf'.
04:18:14 INFO  : 'configparams force-mem-access 1' command is executed.
04:18:14 INFO  : Context for 'APU' is selected.
04:18:14 INFO  : 'stop' command is executed.
04:18:14 INFO  : 'ps7_init' command is executed.
04:18:14 INFO  : 'ps7_post_config' command is executed.
04:18:14 INFO  : Context for processor 'ps7_cortexa9_0' is selected.
04:18:14 INFO  : Processor reset is completed for 'ps7_cortexa9_0'.
04:18:14 INFO  : Context for processor 'ps7_cortexa9_0' is selected.
04:18:14 INFO  : The application '/mnt/18C846EDC846C928/UARTVGASystem/VivadoProjects/UARTBramSystem/UARTBramSystem.sdk/test/Debug/test.elf' is downloaded to processor 'ps7_cortexa9_0'.
04:18:14 INFO  : 'configparams force-mem-access 0' command is executed.
04:18:14 INFO  : ----------------XSDB Script----------------
connect -url tcp:127.0.0.1:3121
source /mnt/18C846EDC846C928/UARTVGASystem/VivadoProjects/UARTBramSystem/UARTBramSystem.sdk/Blk1_wrapper_hw_platform_0/ps7_init.tcl
targets -set -nocase -filter {name =~"APU*" && jtag_cable_name =~ "Digilent Zybo 210279778639A"} -index 0
loadhw -hw /mnt/18C846EDC846C928/UARTVGASystem/VivadoProjects/UARTBramSystem/UARTBramSystem.sdk/Blk1_wrapper_hw_platform_0/system.hdf -mem-ranges [list {0x40000000 0xbfffffff}]
configparams force-mem-access 1
targets -set -nocase -filter {name =~"APU*" && jtag_cable_name =~ "Digilent Zybo 210279778639A"} -index 0
stop
ps7_init
ps7_post_config
targets -set -nocase -filter {name =~ "ARM*#0" && jtag_cable_name =~ "Digilent Zybo 210279778639A"} -index 0
rst -processor
targets -set -nocase -filter {name =~ "ARM*#0" && jtag_cable_name =~ "Digilent Zybo 210279778639A"} -index 0
dow /mnt/18C846EDC846C928/UARTVGASystem/VivadoProjects/UARTBramSystem/UARTBramSystem.sdk/test/Debug/test.elf
configparams force-mem-access 0
----------------End of Script----------------

04:18:14 INFO  : Memory regions updated for context APU
04:18:14 INFO  : Context for processor 'ps7_cortexa9_0' is selected.
04:18:14 INFO  : 'con' command is executed.
04:18:14 INFO  : ----------------XSDB Script (After Launch)----------------
targets -set -nocase -filter {name =~ "ARM*#0" && jtag_cable_name =~ "Digilent Zybo 210279778639A"} -index 0
con
----------------End of Script----------------

04:18:14 INFO  : Launch script is exported to file '/mnt/18C846EDC846C928/UARTVGASystem/VivadoProjects/UARTBramSystem/UARTBramSystem.sdk/.sdk/launch_scripts/xilinx_c-c++_application_(system_debugger)/system_debugger_using_debug_test.elf_on_local.tcl'
04:27:15 INFO  : SDK has detected change in the last modified timestamps for source hardware specification file Source:1627253817000,  Project:1627253032000
04:27:15 INFO  : Project Blk1_wrapper_hw_platform_0's source hardware specification located at /mnt/18C846EDC846C928/UARTVGASystem/VivadoProjects/UARTBramSystem/UARTBramSystem.sdk/Blk1_wrapper.hdf is now different from the local copy.
		 The local copy will be replaced with the source specification and your workspace will be updated.
04:27:16 INFO  : Copied contents of /mnt/18C846EDC846C928/UARTVGASystem/VivadoProjects/UARTBramSystem/UARTBramSystem.sdk/Blk1_wrapper.hdf into /Blk1_wrapper_hw_platform_0/system.hdf.
04:27:20 INFO  : Synchronizing projects in the workspace with the hardware platform specification changes.
04:27:22 INFO  : 
04:27:23 INFO  : Updating hardware inferred compiler options for test.
04:27:23 INFO  : Clearing existing target manager status.
04:27:23 INFO  : Workspace synchronized with the new hardware specification file. Cleaning dependent projects...
04:27:24 WARN  : Linker script will not be updated automatically. Users need to update it manually.
04:27:48 INFO  : Connected to target on host '127.0.0.1' and port '3121'.
04:27:48 INFO  : 'targets -set -filter {jtag_cable_name =~ "Digilent Zybo 210279778639A" && level==0} -index 1' command is executed.
04:27:49 INFO  : FPGA configured successfully with bitstream "/mnt/18C846EDC846C928/UARTVGASystem/VivadoProjects/UARTBramSystem/UARTBramSystem.sdk/Blk1_wrapper_hw_platform_0/Blk1_wrapper.bit"
04:28:00 INFO  : Disconnected from the channel tcfchan#3.
04:28:01 INFO  : 'targets -set -filter {jtag_cable_name =~ "Digilent Zybo 210279778639A" && level==0} -index 1' command is executed.
04:28:01 INFO  : 'fpga -state' command is executed.
04:28:01 INFO  : Connected to target on host '127.0.0.1' and port '3121'.
04:28:01 INFO  : Jtag cable 'Digilent Zybo 210279778639A' is selected.
04:28:01 INFO  : 'jtag frequency' command is executed.
04:28:01 INFO  : Sourcing of '/mnt/18C846EDC846C928/UARTVGASystem/VivadoProjects/UARTBramSystem/UARTBramSystem.sdk/Blk1_wrapper_hw_platform_0/ps7_init.tcl' is done.
04:28:01 INFO  : Context for 'APU' is selected.
04:28:01 INFO  : Hardware design information is loaded from '/mnt/18C846EDC846C928/UARTVGASystem/VivadoProjects/UARTBramSystem/UARTBramSystem.sdk/Blk1_wrapper_hw_platform_0/system.hdf'.
04:28:01 INFO  : 'configparams force-mem-access 1' command is executed.
04:28:01 INFO  : Context for 'APU' is selected.
04:28:01 INFO  : 'stop' command is executed.
04:28:02 INFO  : 'ps7_init' command is executed.
04:28:02 INFO  : 'ps7_post_config' command is executed.
04:28:02 INFO  : Context for processor 'ps7_cortexa9_0' is selected.
04:28:02 INFO  : Processor reset is completed for 'ps7_cortexa9_0'.
04:28:02 INFO  : Context for processor 'ps7_cortexa9_0' is selected.
04:28:02 INFO  : The application '/mnt/18C846EDC846C928/UARTVGASystem/VivadoProjects/UARTBramSystem/UARTBramSystem.sdk/test/Debug/test.elf' is downloaded to processor 'ps7_cortexa9_0'.
04:28:02 INFO  : 'configparams force-mem-access 0' command is executed.
04:28:02 INFO  : ----------------XSDB Script----------------
connect -url tcp:127.0.0.1:3121
source /mnt/18C846EDC846C928/UARTVGASystem/VivadoProjects/UARTBramSystem/UARTBramSystem.sdk/Blk1_wrapper_hw_platform_0/ps7_init.tcl
targets -set -nocase -filter {name =~"APU*" && jtag_cable_name =~ "Digilent Zybo 210279778639A"} -index 0
loadhw -hw /mnt/18C846EDC846C928/UARTVGASystem/VivadoProjects/UARTBramSystem/UARTBramSystem.sdk/Blk1_wrapper_hw_platform_0/system.hdf -mem-ranges [list {0x40000000 0xbfffffff}]
configparams force-mem-access 1
targets -set -nocase -filter {name =~"APU*" && jtag_cable_name =~ "Digilent Zybo 210279778639A"} -index 0
stop
ps7_init
ps7_post_config
targets -set -nocase -filter {name =~ "ARM*#0" && jtag_cable_name =~ "Digilent Zybo 210279778639A"} -index 0
rst -processor
targets -set -nocase -filter {name =~ "ARM*#0" && jtag_cable_name =~ "Digilent Zybo 210279778639A"} -index 0
dow /mnt/18C846EDC846C928/UARTVGASystem/VivadoProjects/UARTBramSystem/UARTBramSystem.sdk/test/Debug/test.elf
configparams force-mem-access 0
----------------End of Script----------------

04:28:02 INFO  : Memory regions updated for context APU
04:28:02 INFO  : Context for processor 'ps7_cortexa9_0' is selected.
04:28:02 INFO  : 'con' command is executed.
04:28:02 INFO  : ----------------XSDB Script (After Launch)----------------
targets -set -nocase -filter {name =~ "ARM*#0" && jtag_cable_name =~ "Digilent Zybo 210279778639A"} -index 0
con
----------------End of Script----------------

04:28:02 INFO  : Launch script is exported to file '/mnt/18C846EDC846C928/UARTVGASystem/VivadoProjects/UARTBramSystem/UARTBramSystem.sdk/.sdk/launch_scripts/xilinx_c-c++_application_(system_debugger)/system_debugger_using_debug_test.elf_on_local.tcl'
04:34:12 INFO  : SDK has detected change in the last modified timestamps for source hardware specification file Source:1627254228000,  Project:1627253817000
04:34:12 INFO  : Project Blk1_wrapper_hw_platform_0's source hardware specification located at /mnt/18C846EDC846C928/UARTVGASystem/VivadoProjects/UARTBramSystem/UARTBramSystem.sdk/Blk1_wrapper.hdf is now different from the local copy.
		 The local copy will be replaced with the source specification and your workspace will be updated.
04:34:15 INFO  : Copied contents of /mnt/18C846EDC846C928/UARTVGASystem/VivadoProjects/UARTBramSystem/UARTBramSystem.sdk/Blk1_wrapper.hdf into /Blk1_wrapper_hw_platform_0/system.hdf.
04:34:18 INFO  : Synchronizing projects in the workspace with the hardware platform specification changes.
04:34:19 INFO  : 
04:34:20 INFO  : Updating hardware inferred compiler options for test.
04:34:20 INFO  : Clearing existing target manager status.
04:34:20 INFO  : Workspace synchronized with the new hardware specification file. Cleaning dependent projects...
04:34:22 WARN  : Linker script will not be updated automatically. Users need to update it manually.
04:34:27 INFO  : Connected to target on host '127.0.0.1' and port '3121'.
04:34:27 INFO  : 'targets -set -filter {jtag_cable_name =~ "Digilent Zybo 210279778639A" && level==0} -index 1' command is executed.
04:34:28 INFO  : FPGA configured successfully with bitstream "/mnt/18C846EDC846C928/UARTVGASystem/VivadoProjects/UARTBramSystem/UARTBramSystem.sdk/Blk1_wrapper_hw_platform_0/Blk1_wrapper.bit"
04:34:44 INFO  : Disconnected from the channel tcfchan#4.
04:34:45 INFO  : 'targets -set -filter {jtag_cable_name =~ "Digilent Zybo 210279778639A" && level==0} -index 1' command is executed.
04:34:45 INFO  : 'fpga -state' command is executed.
04:34:45 INFO  : Connected to target on host '127.0.0.1' and port '3121'.
04:34:45 INFO  : Jtag cable 'Digilent Zybo 210279778639A' is selected.
04:34:45 INFO  : 'jtag frequency' command is executed.
04:34:45 INFO  : Sourcing of '/mnt/18C846EDC846C928/UARTVGASystem/VivadoProjects/UARTBramSystem/UARTBramSystem.sdk/Blk1_wrapper_hw_platform_0/ps7_init.tcl' is done.
04:34:45 INFO  : Context for 'APU' is selected.
04:34:45 INFO  : Hardware design information is loaded from '/mnt/18C846EDC846C928/UARTVGASystem/VivadoProjects/UARTBramSystem/UARTBramSystem.sdk/Blk1_wrapper_hw_platform_0/system.hdf'.
04:34:45 INFO  : 'configparams force-mem-access 1' command is executed.
04:34:45 INFO  : Context for 'APU' is selected.
04:34:45 INFO  : 'stop' command is executed.
04:34:46 INFO  : 'ps7_init' command is executed.
04:34:46 INFO  : 'ps7_post_config' command is executed.
04:34:46 INFO  : Context for processor 'ps7_cortexa9_0' is selected.
04:34:46 INFO  : Processor reset is completed for 'ps7_cortexa9_0'.
04:34:46 INFO  : Context for processor 'ps7_cortexa9_0' is selected.
04:34:46 INFO  : The application '/mnt/18C846EDC846C928/UARTVGASystem/VivadoProjects/UARTBramSystem/UARTBramSystem.sdk/test/Debug/test.elf' is downloaded to processor 'ps7_cortexa9_0'.
04:34:46 INFO  : 'configparams force-mem-access 0' command is executed.
04:34:46 INFO  : ----------------XSDB Script----------------
connect -url tcp:127.0.0.1:3121
source /mnt/18C846EDC846C928/UARTVGASystem/VivadoProjects/UARTBramSystem/UARTBramSystem.sdk/Blk1_wrapper_hw_platform_0/ps7_init.tcl
targets -set -nocase -filter {name =~"APU*" && jtag_cable_name =~ "Digilent Zybo 210279778639A"} -index 0
loadhw -hw /mnt/18C846EDC846C928/UARTVGASystem/VivadoProjects/UARTBramSystem/UARTBramSystem.sdk/Blk1_wrapper_hw_platform_0/system.hdf -mem-ranges [list {0x40000000 0xbfffffff}]
configparams force-mem-access 1
targets -set -nocase -filter {name =~"APU*" && jtag_cable_name =~ "Digilent Zybo 210279778639A"} -index 0
stop
ps7_init
ps7_post_config
targets -set -nocase -filter {name =~ "ARM*#0" && jtag_cable_name =~ "Digilent Zybo 210279778639A"} -index 0
rst -processor
targets -set -nocase -filter {name =~ "ARM*#0" && jtag_cable_name =~ "Digilent Zybo 210279778639A"} -index 0
dow /mnt/18C846EDC846C928/UARTVGASystem/VivadoProjects/UARTBramSystem/UARTBramSystem.sdk/test/Debug/test.elf
configparams force-mem-access 0
----------------End of Script----------------

04:34:46 INFO  : Memory regions updated for context APU
04:34:46 INFO  : Context for processor 'ps7_cortexa9_0' is selected.
04:34:46 INFO  : 'con' command is executed.
04:34:46 INFO  : ----------------XSDB Script (After Launch)----------------
targets -set -nocase -filter {name =~ "ARM*#0" && jtag_cable_name =~ "Digilent Zybo 210279778639A"} -index 0
con
----------------End of Script----------------

04:34:46 INFO  : Launch script is exported to file '/mnt/18C846EDC846C928/UARTVGASystem/VivadoProjects/UARTBramSystem/UARTBramSystem.sdk/.sdk/launch_scripts/xilinx_c-c++_application_(system_debugger)/system_debugger_using_debug_test.elf_on_local.tcl'
04:44:57 INFO  : SDK has detected change in the last modified timestamps for source hardware specification file Source:1627254843000,  Project:1627254228000
04:44:57 INFO  : Project Blk1_wrapper_hw_platform_0's source hardware specification located at /mnt/18C846EDC846C928/UARTVGASystem/VivadoProjects/UARTBramSystem/UARTBramSystem.sdk/Blk1_wrapper.hdf is now different from the local copy.
		 The local copy will be replaced with the source specification and your workspace will be updated.
04:45:00 INFO  : Copied contents of /mnt/18C846EDC846C928/UARTVGASystem/VivadoProjects/UARTBramSystem/UARTBramSystem.sdk/Blk1_wrapper.hdf into /Blk1_wrapper_hw_platform_0/system.hdf.
04:45:03 INFO  : Synchronizing projects in the workspace with the hardware platform specification changes.
04:45:05 INFO  : 
04:45:06 INFO  : Updating hardware inferred compiler options for test.
04:45:06 INFO  : Clearing existing target manager status.
04:45:06 INFO  : Workspace synchronized with the new hardware specification file. Cleaning dependent projects...
04:45:07 WARN  : Linker script will not be updated automatically. Users need to update it manually.
04:45:33 INFO  : Disconnected from the channel tcfchan#5.
04:45:34 INFO  : 'targets -set -filter {jtag_cable_name =~ "Digilent Zybo 210279778639A" && level==0} -index 1' command is executed.
04:45:34 INFO  : 'fpga -state' command is executed.
04:45:34 INFO  : Connected to target on host '127.0.0.1' and port '3121'.
04:45:34 INFO  : Jtag cable 'Digilent Zybo 210279778639A' is selected.
04:45:34 INFO  : 'jtag frequency' command is executed.
04:45:34 INFO  : Sourcing of '/mnt/18C846EDC846C928/UARTVGASystem/VivadoProjects/UARTBramSystem/UARTBramSystem.sdk/Blk1_wrapper_hw_platform_0/ps7_init.tcl' is done.
04:45:34 INFO  : Context for 'APU' is selected.
04:45:34 INFO  : Hardware design information is loaded from '/mnt/18C846EDC846C928/UARTVGASystem/VivadoProjects/UARTBramSystem/UARTBramSystem.sdk/Blk1_wrapper_hw_platform_0/system.hdf'.
04:45:34 INFO  : 'configparams force-mem-access 1' command is executed.
04:45:34 INFO  : Context for 'APU' is selected.
04:45:34 INFO  : 'stop' command is executed.
04:45:34 INFO  : 'ps7_init' command is executed.
04:45:34 INFO  : 'ps7_post_config' command is executed.
04:45:34 INFO  : Context for processor 'ps7_cortexa9_0' is selected.
04:45:34 INFO  : Processor reset is completed for 'ps7_cortexa9_0'.
04:45:34 INFO  : Context for processor 'ps7_cortexa9_0' is selected.
04:45:34 INFO  : The application '/mnt/18C846EDC846C928/UARTVGASystem/VivadoProjects/UARTBramSystem/UARTBramSystem.sdk/test/Debug/test.elf' is downloaded to processor 'ps7_cortexa9_0'.
04:45:34 INFO  : 'configparams force-mem-access 0' command is executed.
04:45:34 INFO  : ----------------XSDB Script----------------
connect -url tcp:127.0.0.1:3121
source /mnt/18C846EDC846C928/UARTVGASystem/VivadoProjects/UARTBramSystem/UARTBramSystem.sdk/Blk1_wrapper_hw_platform_0/ps7_init.tcl
targets -set -nocase -filter {name =~"APU*" && jtag_cable_name =~ "Digilent Zybo 210279778639A"} -index 0
loadhw -hw /mnt/18C846EDC846C928/UARTVGASystem/VivadoProjects/UARTBramSystem/UARTBramSystem.sdk/Blk1_wrapper_hw_platform_0/system.hdf -mem-ranges [list {0x40000000 0xbfffffff}]
configparams force-mem-access 1
targets -set -nocase -filter {name =~"APU*" && jtag_cable_name =~ "Digilent Zybo 210279778639A"} -index 0
stop
ps7_init
ps7_post_config
targets -set -nocase -filter {name =~ "ARM*#0" && jtag_cable_name =~ "Digilent Zybo 210279778639A"} -index 0
rst -processor
targets -set -nocase -filter {name =~ "ARM*#0" && jtag_cable_name =~ "Digilent Zybo 210279778639A"} -index 0
dow /mnt/18C846EDC846C928/UARTVGASystem/VivadoProjects/UARTBramSystem/UARTBramSystem.sdk/test/Debug/test.elf
configparams force-mem-access 0
----------------End of Script----------------

04:45:34 INFO  : Memory regions updated for context APU
04:45:35 INFO  : Context for processor 'ps7_cortexa9_0' is selected.
04:45:35 INFO  : 'con' command is executed.
04:45:35 INFO  : ----------------XSDB Script (After Launch)----------------
targets -set -nocase -filter {name =~ "ARM*#0" && jtag_cable_name =~ "Digilent Zybo 210279778639A"} -index 0
con
----------------End of Script----------------

04:45:35 INFO  : Launch script is exported to file '/mnt/18C846EDC846C928/UARTVGASystem/VivadoProjects/UARTBramSystem/UARTBramSystem.sdk/.sdk/launch_scripts/xilinx_c-c++_application_(system_debugger)/system_debugger_using_debug_test.elf_on_local.tcl'
04:50:55 INFO  : SDK has detected change in the last modified timestamps for source hardware specification file Source:1627255245000,  Project:1627254843000
04:50:55 INFO  : Project Blk1_wrapper_hw_platform_0's source hardware specification located at /mnt/18C846EDC846C928/UARTVGASystem/VivadoProjects/UARTBramSystem/UARTBramSystem.sdk/Blk1_wrapper.hdf is now different from the local copy.
		 The local copy will be replaced with the source specification and your workspace will be updated.
04:50:58 INFO  : Copied contents of /mnt/18C846EDC846C928/UARTVGASystem/VivadoProjects/UARTBramSystem/UARTBramSystem.sdk/Blk1_wrapper.hdf into /Blk1_wrapper_hw_platform_0/system.hdf.
04:51:02 INFO  : Synchronizing projects in the workspace with the hardware platform specification changes.
04:51:03 INFO  : 
04:51:04 INFO  : Updating hardware inferred compiler options for test.
04:51:04 INFO  : Clearing existing target manager status.
04:51:04 INFO  : Workspace synchronized with the new hardware specification file. Cleaning dependent projects...
04:51:06 WARN  : Linker script will not be updated automatically. Users need to update it manually.
04:51:34 INFO  : Disconnected from the channel tcfchan#6.
04:51:35 INFO  : 'targets -set -filter {jtag_cable_name =~ "Digilent Zybo 210279778639A" && level==0} -index 1' command is executed.
04:51:35 INFO  : 'fpga -state' command is executed.
04:51:35 INFO  : Connected to target on host '127.0.0.1' and port '3121'.
04:51:36 INFO  : Jtag cable 'Digilent Zybo 210279778639A' is selected.
04:51:36 INFO  : 'jtag frequency' command is executed.
04:51:36 INFO  : Sourcing of '/mnt/18C846EDC846C928/UARTVGASystem/VivadoProjects/UARTBramSystem/UARTBramSystem.sdk/Blk1_wrapper_hw_platform_0/ps7_init.tcl' is done.
04:51:36 INFO  : Context for 'APU' is selected.
04:51:36 INFO  : Hardware design information is loaded from '/mnt/18C846EDC846C928/UARTVGASystem/VivadoProjects/UARTBramSystem/UARTBramSystem.sdk/Blk1_wrapper_hw_platform_0/system.hdf'.
04:51:36 INFO  : 'configparams force-mem-access 1' command is executed.
04:51:36 INFO  : Context for 'APU' is selected.
04:51:36 INFO  : 'stop' command is executed.
04:51:36 INFO  : 'ps7_init' command is executed.
04:51:36 INFO  : 'ps7_post_config' command is executed.
04:51:36 INFO  : Context for processor 'ps7_cortexa9_0' is selected.
04:51:36 INFO  : Processor reset is completed for 'ps7_cortexa9_0'.
04:51:36 INFO  : Context for processor 'ps7_cortexa9_0' is selected.
04:51:36 INFO  : The application '/mnt/18C846EDC846C928/UARTVGASystem/VivadoProjects/UARTBramSystem/UARTBramSystem.sdk/test/Debug/test.elf' is downloaded to processor 'ps7_cortexa9_0'.
04:51:36 INFO  : 'configparams force-mem-access 0' command is executed.
04:51:36 INFO  : ----------------XSDB Script----------------
connect -url tcp:127.0.0.1:3121
source /mnt/18C846EDC846C928/UARTVGASystem/VivadoProjects/UARTBramSystem/UARTBramSystem.sdk/Blk1_wrapper_hw_platform_0/ps7_init.tcl
targets -set -nocase -filter {name =~"APU*" && jtag_cable_name =~ "Digilent Zybo 210279778639A"} -index 0
loadhw -hw /mnt/18C846EDC846C928/UARTVGASystem/VivadoProjects/UARTBramSystem/UARTBramSystem.sdk/Blk1_wrapper_hw_platform_0/system.hdf -mem-ranges [list {0x40000000 0xbfffffff}]
configparams force-mem-access 1
targets -set -nocase -filter {name =~"APU*" && jtag_cable_name =~ "Digilent Zybo 210279778639A"} -index 0
stop
ps7_init
ps7_post_config
targets -set -nocase -filter {name =~ "ARM*#0" && jtag_cable_name =~ "Digilent Zybo 210279778639A"} -index 0
rst -processor
targets -set -nocase -filter {name =~ "ARM*#0" && jtag_cable_name =~ "Digilent Zybo 210279778639A"} -index 0
dow /mnt/18C846EDC846C928/UARTVGASystem/VivadoProjects/UARTBramSystem/UARTBramSystem.sdk/test/Debug/test.elf
configparams force-mem-access 0
----------------End of Script----------------

04:51:36 INFO  : Memory regions updated for context APU
04:51:36 INFO  : Context for processor 'ps7_cortexa9_0' is selected.
04:51:36 INFO  : 'con' command is executed.
04:51:36 INFO  : ----------------XSDB Script (After Launch)----------------
targets -set -nocase -filter {name =~ "ARM*#0" && jtag_cable_name =~ "Digilent Zybo 210279778639A"} -index 0
con
----------------End of Script----------------

04:51:36 INFO  : Launch script is exported to file '/mnt/18C846EDC846C928/UARTVGASystem/VivadoProjects/UARTBramSystem/UARTBramSystem.sdk/.sdk/launch_scripts/xilinx_c-c++_application_(system_debugger)/system_debugger_using_debug_test.elf_on_local.tcl'
05:06:18 INFO  : Disconnected from the channel tcfchan#7.
17:42:22 INFO  : Registering command handlers for SDK TCF services
17:42:24 INFO  : Launching XSCT server: xsct -n -interactive /mnt/18C846EDC846C928/UARTVGASystem/VivadoProjects/UARTBramSystem/UARTBramSystem.sdk/temp_xsdb_launch_script.tcl
17:42:30 INFO  : XSCT server has started successfully.
17:42:30 INFO  : Successfully done setting XSCT server connection channel  
17:42:47 INFO  : Successfully done setting SDK workspace  
17:42:47 INFO  : Processing command line option -hwspec /mnt/18C846EDC846C928/UARTVGASystem/VivadoProjects/UARTBramSystem/UARTBramSystem.sdk/Blk1_wrapper.hdf.
17:42:47 INFO  : Checking for hwspec changes in the project Blk1_wrapper_hw_platform_0.
17:46:00 INFO  : Connected to target on host '127.0.0.1' and port '3121'.
17:46:00 INFO  : 'targets -set -filter {jtag_cable_name =~ "Digilent Zybo 210279778639A" && level==0} -index 1' command is executed.
17:46:02 INFO  : FPGA configured successfully with bitstream "/mnt/18C846EDC846C928/UARTVGASystem/VivadoProjects/UARTBramSystem/UARTBramSystem.sdk/Blk1_wrapper_hw_platform_0/Blk1_wrapper.bit"
17:50:07 INFO  : 'targets -set -filter {jtag_cable_name =~ "Digilent Zybo 210279778639A" && level==0} -index 1' command is executed.
17:50:07 INFO  : 'fpga -state' command is executed.
17:50:07 INFO  : Connected to target on host '127.0.0.1' and port '3121'.
17:50:07 INFO  : Jtag cable 'Digilent Zybo 210279778639A' is selected.
17:50:07 INFO  : 'jtag frequency' command is executed.
17:50:07 INFO  : Sourcing of '/mnt/18C846EDC846C928/UARTVGASystem/VivadoProjects/UARTBramSystem/UARTBramSystem.sdk/Blk1_wrapper_hw_platform_0/ps7_init.tcl' is done.
17:50:07 INFO  : Context for 'APU' is selected.
17:50:07 INFO  : Hardware design information is loaded from '/mnt/18C846EDC846C928/UARTVGASystem/VivadoProjects/UARTBramSystem/UARTBramSystem.sdk/Blk1_wrapper_hw_platform_0/system.hdf'.
17:50:07 INFO  : 'configparams force-mem-access 1' command is executed.
17:50:08 INFO  : Context for 'APU' is selected.
17:50:08 INFO  : 'stop' command is executed.
17:50:08 INFO  : 'ps7_init' command is executed.
17:50:08 INFO  : 'ps7_post_config' command is executed.
17:50:08 INFO  : Context for processor 'ps7_cortexa9_0' is selected.
17:50:08 INFO  : Processor reset is completed for 'ps7_cortexa9_0'.
17:50:08 INFO  : Context for processor 'ps7_cortexa9_0' is selected.
17:50:08 INFO  : The application '/mnt/18C846EDC846C928/UARTVGASystem/VivadoProjects/UARTBramSystem/UARTBramSystem.sdk/test/Debug/test.elf' is downloaded to processor 'ps7_cortexa9_0'.
17:50:08 INFO  : 'configparams force-mem-access 0' command is executed.
17:50:08 INFO  : ----------------XSDB Script----------------
connect -url tcp:127.0.0.1:3121
source /mnt/18C846EDC846C928/UARTVGASystem/VivadoProjects/UARTBramSystem/UARTBramSystem.sdk/Blk1_wrapper_hw_platform_0/ps7_init.tcl
targets -set -nocase -filter {name =~"APU*" && jtag_cable_name =~ "Digilent Zybo 210279778639A"} -index 0
loadhw -hw /mnt/18C846EDC846C928/UARTVGASystem/VivadoProjects/UARTBramSystem/UARTBramSystem.sdk/Blk1_wrapper_hw_platform_0/system.hdf -mem-ranges [list {0x40000000 0xbfffffff}]
configparams force-mem-access 1
targets -set -nocase -filter {name =~"APU*" && jtag_cable_name =~ "Digilent Zybo 210279778639A"} -index 0
stop
ps7_init
ps7_post_config
targets -set -nocase -filter {name =~ "ARM*#0" && jtag_cable_name =~ "Digilent Zybo 210279778639A"} -index 0
rst -processor
targets -set -nocase -filter {name =~ "ARM*#0" && jtag_cable_name =~ "Digilent Zybo 210279778639A"} -index 0
dow /mnt/18C846EDC846C928/UARTVGASystem/VivadoProjects/UARTBramSystem/UARTBramSystem.sdk/test/Debug/test.elf
configparams force-mem-access 0
----------------End of Script----------------

17:50:08 INFO  : Memory regions updated for context APU
17:50:08 INFO  : Context for processor 'ps7_cortexa9_0' is selected.
17:50:08 INFO  : 'con' command is executed.
17:50:08 INFO  : ----------------XSDB Script (After Launch)----------------
targets -set -nocase -filter {name =~ "ARM*#0" && jtag_cable_name =~ "Digilent Zybo 210279778639A"} -index 0
con
----------------End of Script----------------

17:50:08 INFO  : Launch script is exported to file '/mnt/18C846EDC846C928/UARTVGASystem/VivadoProjects/UARTBramSystem/UARTBramSystem.sdk/.sdk/launch_scripts/xilinx_c-c++_application_(system_debugger)/system_debugger_using_debug_test.elf_on_local.tcl'
17:50:37 INFO  : Disconnected from the channel tcfchan#1.
17:50:38 INFO  : 'targets -set -filter {jtag_cable_name =~ "Digilent Zybo 210279778639A" && level==0} -index 1' command is executed.
17:50:38 INFO  : 'fpga -state' command is executed.
17:50:38 INFO  : Connected to target on host '127.0.0.1' and port '3121'.
17:50:38 INFO  : Jtag cable 'Digilent Zybo 210279778639A' is selected.
17:50:38 INFO  : 'jtag frequency' command is executed.
17:50:38 INFO  : Sourcing of '/mnt/18C846EDC846C928/UARTVGASystem/VivadoProjects/UARTBramSystem/UARTBramSystem.sdk/Blk1_wrapper_hw_platform_0/ps7_init.tcl' is done.
17:50:38 INFO  : Context for 'APU' is selected.
17:50:40 INFO  : Hardware design information is loaded from '/mnt/18C846EDC846C928/UARTVGASystem/VivadoProjects/UARTBramSystem/UARTBramSystem.sdk/Blk1_wrapper_hw_platform_0/system.hdf'.
17:50:40 INFO  : 'configparams force-mem-access 1' command is executed.
17:50:40 INFO  : Context for 'APU' is selected.
17:50:40 INFO  : 'stop' command is executed.
17:50:41 INFO  : 'ps7_init' command is executed.
17:50:41 INFO  : 'ps7_post_config' command is executed.
17:50:41 INFO  : Context for processor 'ps7_cortexa9_0' is selected.
17:50:41 INFO  : Processor reset is completed for 'ps7_cortexa9_0'.
17:50:41 INFO  : Context for processor 'ps7_cortexa9_0' is selected.
17:50:41 INFO  : The application '/mnt/18C846EDC846C928/UARTVGASystem/VivadoProjects/UARTBramSystem/UARTBramSystem.sdk/test/Debug/test.elf' is downloaded to processor 'ps7_cortexa9_0'.
17:50:41 INFO  : 'configparams force-mem-access 0' command is executed.
17:50:41 INFO  : ----------------XSDB Script----------------
connect -url tcp:127.0.0.1:3121
source /mnt/18C846EDC846C928/UARTVGASystem/VivadoProjects/UARTBramSystem/UARTBramSystem.sdk/Blk1_wrapper_hw_platform_0/ps7_init.tcl
targets -set -nocase -filter {name =~"APU*" && jtag_cable_name =~ "Digilent Zybo 210279778639A"} -index 0
loadhw -hw /mnt/18C846EDC846C928/UARTVGASystem/VivadoProjects/UARTBramSystem/UARTBramSystem.sdk/Blk1_wrapper_hw_platform_0/system.hdf -mem-ranges [list {0x40000000 0xbfffffff}]
configparams force-mem-access 1
targets -set -nocase -filter {name =~"APU*" && jtag_cable_name =~ "Digilent Zybo 210279778639A"} -index 0
stop
ps7_init
ps7_post_config
targets -set -nocase -filter {name =~ "ARM*#0" && jtag_cable_name =~ "Digilent Zybo 210279778639A"} -index 0
rst -processor
targets -set -nocase -filter {name =~ "ARM*#0" && jtag_cable_name =~ "Digilent Zybo 210279778639A"} -index 0
dow /mnt/18C846EDC846C928/UARTVGASystem/VivadoProjects/UARTBramSystem/UARTBramSystem.sdk/test/Debug/test.elf
configparams force-mem-access 0
----------------End of Script----------------

17:50:41 INFO  : Memory regions updated for context APU
17:50:41 INFO  : Context for processor 'ps7_cortexa9_0' is selected.
17:50:41 INFO  : 'con' command is executed.
17:50:41 INFO  : ----------------XSDB Script (After Launch)----------------
targets -set -nocase -filter {name =~ "ARM*#0" && jtag_cable_name =~ "Digilent Zybo 210279778639A"} -index 0
con
----------------End of Script----------------

17:50:41 INFO  : Launch script is exported to file '/mnt/18C846EDC846C928/UARTVGASystem/VivadoProjects/UARTBramSystem/UARTBramSystem.sdk/.sdk/launch_scripts/xilinx_c-c++_application_(system_debugger)/system_debugger_using_debug_test.elf_on_local.tcl'
17:52:28 INFO  : Disconnected from the channel tcfchan#2.
17:52:29 INFO  : 'targets -set -filter {jtag_cable_name =~ "Digilent Zybo 210279778639A" && level==0} -index 1' command is executed.
17:52:29 INFO  : 'fpga -state' command is executed.
17:52:29 INFO  : Connected to target on host '127.0.0.1' and port '3121'.
17:52:29 INFO  : Jtag cable 'Digilent Zybo 210279778639A' is selected.
17:52:29 INFO  : 'jtag frequency' command is executed.
17:52:29 INFO  : Sourcing of '/mnt/18C846EDC846C928/UARTVGASystem/VivadoProjects/UARTBramSystem/UARTBramSystem.sdk/Blk1_wrapper_hw_platform_0/ps7_init.tcl' is done.
17:52:29 INFO  : Context for 'APU' is selected.
17:52:31 INFO  : Hardware design information is loaded from '/mnt/18C846EDC846C928/UARTVGASystem/VivadoProjects/UARTBramSystem/UARTBramSystem.sdk/Blk1_wrapper_hw_platform_0/system.hdf'.
17:52:31 INFO  : 'configparams force-mem-access 1' command is executed.
17:52:31 INFO  : Context for 'APU' is selected.
17:52:31 INFO  : 'stop' command is executed.
17:52:32 INFO  : 'ps7_init' command is executed.
17:52:32 INFO  : 'ps7_post_config' command is executed.
17:52:32 INFO  : Context for processor 'ps7_cortexa9_0' is selected.
17:52:32 INFO  : Processor reset is completed for 'ps7_cortexa9_0'.
17:52:32 INFO  : Context for processor 'ps7_cortexa9_0' is selected.
17:52:32 INFO  : The application '/mnt/18C846EDC846C928/UARTVGASystem/VivadoProjects/UARTBramSystem/UARTBramSystem.sdk/test/Debug/test.elf' is downloaded to processor 'ps7_cortexa9_0'.
17:52:32 INFO  : 'configparams force-mem-access 0' command is executed.
17:52:32 INFO  : ----------------XSDB Script----------------
connect -url tcp:127.0.0.1:3121
source /mnt/18C846EDC846C928/UARTVGASystem/VivadoProjects/UARTBramSystem/UARTBramSystem.sdk/Blk1_wrapper_hw_platform_0/ps7_init.tcl
targets -set -nocase -filter {name =~"APU*" && jtag_cable_name =~ "Digilent Zybo 210279778639A"} -index 0
loadhw -hw /mnt/18C846EDC846C928/UARTVGASystem/VivadoProjects/UARTBramSystem/UARTBramSystem.sdk/Blk1_wrapper_hw_platform_0/system.hdf -mem-ranges [list {0x40000000 0xbfffffff}]
configparams force-mem-access 1
targets -set -nocase -filter {name =~"APU*" && jtag_cable_name =~ "Digilent Zybo 210279778639A"} -index 0
stop
ps7_init
ps7_post_config
targets -set -nocase -filter {name =~ "ARM*#0" && jtag_cable_name =~ "Digilent Zybo 210279778639A"} -index 0
rst -processor
targets -set -nocase -filter {name =~ "ARM*#0" && jtag_cable_name =~ "Digilent Zybo 210279778639A"} -index 0
dow /mnt/18C846EDC846C928/UARTVGASystem/VivadoProjects/UARTBramSystem/UARTBramSystem.sdk/test/Debug/test.elf
configparams force-mem-access 0
----------------End of Script----------------

17:52:32 INFO  : Memory regions updated for context APU
17:52:32 INFO  : Context for processor 'ps7_cortexa9_0' is selected.
17:52:32 INFO  : 'con' command is executed.
17:52:32 INFO  : ----------------XSDB Script (After Launch)----------------
targets -set -nocase -filter {name =~ "ARM*#0" && jtag_cable_name =~ "Digilent Zybo 210279778639A"} -index 0
con
----------------End of Script----------------

17:52:32 INFO  : Launch script is exported to file '/mnt/18C846EDC846C928/UARTVGASystem/VivadoProjects/UARTBramSystem/UARTBramSystem.sdk/.sdk/launch_scripts/xilinx_c-c++_application_(system_debugger)/system_debugger_using_debug_test.elf_on_local.tcl'
17:52:45 INFO  : Connected to target on host '127.0.0.1' and port '3121'.
17:52:45 INFO  : 'targets -set -filter {jtag_cable_name =~ "Digilent Zybo 210279778639A" && level==0} -index 1' command is executed.
17:52:46 INFO  : FPGA configured successfully with bitstream "/mnt/18C846EDC846C928/UARTVGASystem/VivadoProjects/UARTBramSystem/UARTBramSystem.sdk/Blk1_wrapper_hw_platform_0/Blk1_wrapper.bit"
17:53:01 INFO  : Disconnected from the channel tcfchan#3.
17:53:02 INFO  : 'targets -set -filter {jtag_cable_name =~ "Digilent Zybo 210279778639A" && level==0} -index 1' command is executed.
17:53:02 INFO  : 'fpga -state' command is executed.
17:53:02 INFO  : Connected to target on host '127.0.0.1' and port '3121'.
17:53:02 INFO  : Jtag cable 'Digilent Zybo 210279778639A' is selected.
17:53:02 INFO  : 'jtag frequency' command is executed.
17:53:02 INFO  : Sourcing of '/mnt/18C846EDC846C928/UARTVGASystem/VivadoProjects/UARTBramSystem/UARTBramSystem.sdk/Blk1_wrapper_hw_platform_0/ps7_init.tcl' is done.
17:53:02 INFO  : Context for 'APU' is selected.
17:53:05 INFO  : Hardware design information is loaded from '/mnt/18C846EDC846C928/UARTVGASystem/VivadoProjects/UARTBramSystem/UARTBramSystem.sdk/Blk1_wrapper_hw_platform_0/system.hdf'.
17:53:05 INFO  : 'configparams force-mem-access 1' command is executed.
17:53:05 INFO  : Context for 'APU' is selected.
17:53:05 INFO  : 'stop' command is executed.
17:53:05 INFO  : 'ps7_init' command is executed.
17:53:05 INFO  : 'ps7_post_config' command is executed.
17:53:05 INFO  : Context for processor 'ps7_cortexa9_0' is selected.
17:53:05 INFO  : Processor reset is completed for 'ps7_cortexa9_0'.
17:53:05 INFO  : Context for processor 'ps7_cortexa9_0' is selected.
17:53:06 INFO  : The application '/mnt/18C846EDC846C928/UARTVGASystem/VivadoProjects/UARTBramSystem/UARTBramSystem.sdk/test/Debug/test.elf' is downloaded to processor 'ps7_cortexa9_0'.
17:53:06 INFO  : 'configparams force-mem-access 0' command is executed.
17:53:06 INFO  : ----------------XSDB Script----------------
connect -url tcp:127.0.0.1:3121
source /mnt/18C846EDC846C928/UARTVGASystem/VivadoProjects/UARTBramSystem/UARTBramSystem.sdk/Blk1_wrapper_hw_platform_0/ps7_init.tcl
targets -set -nocase -filter {name =~"APU*" && jtag_cable_name =~ "Digilent Zybo 210279778639A"} -index 0
loadhw -hw /mnt/18C846EDC846C928/UARTVGASystem/VivadoProjects/UARTBramSystem/UARTBramSystem.sdk/Blk1_wrapper_hw_platform_0/system.hdf -mem-ranges [list {0x40000000 0xbfffffff}]
configparams force-mem-access 1
targets -set -nocase -filter {name =~"APU*" && jtag_cable_name =~ "Digilent Zybo 210279778639A"} -index 0
stop
ps7_init
ps7_post_config
targets -set -nocase -filter {name =~ "ARM*#0" && jtag_cable_name =~ "Digilent Zybo 210279778639A"} -index 0
rst -processor
targets -set -nocase -filter {name =~ "ARM*#0" && jtag_cable_name =~ "Digilent Zybo 210279778639A"} -index 0
dow /mnt/18C846EDC846C928/UARTVGASystem/VivadoProjects/UARTBramSystem/UARTBramSystem.sdk/test/Debug/test.elf
configparams force-mem-access 0
----------------End of Script----------------

17:53:06 INFO  : Memory regions updated for context APU
17:53:06 INFO  : Context for processor 'ps7_cortexa9_0' is selected.
17:53:06 INFO  : 'con' command is executed.
17:53:06 INFO  : ----------------XSDB Script (After Launch)----------------
targets -set -nocase -filter {name =~ "ARM*#0" && jtag_cable_name =~ "Digilent Zybo 210279778639A"} -index 0
con
----------------End of Script----------------

17:53:06 INFO  : Launch script is exported to file '/mnt/18C846EDC846C928/UARTVGASystem/VivadoProjects/UARTBramSystem/UARTBramSystem.sdk/.sdk/launch_scripts/xilinx_c-c++_application_(system_debugger)/system_debugger_using_debug_test.elf_on_local.tcl'
17:53:43 INFO  : Disconnected from the channel tcfchan#4.
